<?xml version="1.0" encoding="UTF-8"?>
<testsuite name="Test" tests="1" skipped="0" failures="0" errors="0" timestamp="2025-01-31T13:57:30" hostname="ubuntu2404lts" time="0.093">
  <properties/>
  <testcase name="testSolution()" classname="Test" time="0.093"/>
  <system-out><![CDATA[]]></system-out>
  <system-err><![CDATA[]]></system-err>
</testsuite>
